<?xml version="1.0" encoding="UTF-8"?>
<!-- Generated by org.testng.reporters.JUnitReportReporter -->
<testsuite hostname="LAPTOP-GDF8CT9J" failures="0" tests="2" name="testlayer.Test_class" time="8.519" errors="0" timestamp="2022-03-31T16:23:04 MDT" skipped="0">
  <testcase classname="testlayer.Test_class" name="Login" time="5.209"/>
  <system-out/>
  <testcase classname="testlayer.Test_class" name="Details" time="3.310"/>
  <system-out/>
</testsuite> <!-- testlayer.Test_class -->
